<?xml version="1.0" encoding="UTF-8"?>
<testng-results ignored="0" total="2" passed="2" failed="0" skipped="0">
  <reporter-output>
  </reporter-output>
  <suite started-at="2022-08-24T10:31:49 BDT" name="Default Suite" finished-at="2022-08-24T10:32:07 BDT" duration-ms="17501">
    <groups>
    </groups>
    <test started-at="2022-08-24T10:31:49 BDT" name="Maven-quickstart" finished-at="2022-08-24T10:32:07 BDT" duration-ms="17501">
      <class name="org.Maven.AppTest">
        <test-method signature="BasePagenavigation()[pri:0, instance:org.Maven.AppTest@4c6e276e]" started-at="2022-08-24T10:31:49 BDT" name="BasePagenavigation" finished-at="2022-08-24T10:31:52 BDT" duration-ms="2610" status="PASS">
          <reporter-output>
          </reporter-output>
        </test-method> <!-- BasePagenavigation -->
        <test-method signature="Login()[pri:0, instance:org.Maven.AppTest@4c6e276e]" started-at="2022-08-24T10:31:52 BDT" name="Login" finished-at="2022-08-24T10:32:07 BDT" duration-ms="14831" status="PASS">
          <reporter-output>
          </reporter-output>
        </test-method> <!-- Login -->
      </class> <!-- org.Maven.AppTest -->
    </test> <!-- Maven-quickstart -->
  </suite> <!-- Default Suite -->
</testng-results>
