<?xml version="1.0" encoding="UTF-8"?>
<testng-results ignored="0" total="1" passed="1" failed="0" skipped="0">
  <reporter-output>
  </reporter-output>
  <suite started-at="2022-08-23T18:10:50 BDT" name="Default Suite" finished-at="2022-08-23T18:11:09 BDT" duration-ms="18911">
    <groups>
    </groups>
    <test started-at="2022-08-23T18:10:50 BDT" name="Maven-quickstart" finished-at="2022-08-23T18:11:09 BDT" duration-ms="18911">
      <class name="org.Maven.AppTest">
        <test-method signature="basePagenavigation()[pri:0, instance:org.Maven.AppTest@770c2e6b]" started-at="2022-08-23T18:10:50 BDT" name="basePagenavigation" finished-at="2022-08-23T18:11:09 BDT" duration-ms="18863" status="PASS">
          <reporter-output>
          </reporter-output>
        </test-method> <!-- basePagenavigation -->
      </class> <!-- org.Maven.AppTest -->
    </test> <!-- Maven-quickstart -->
  </suite> <!-- Default Suite -->
</testng-results>
